<?xml version="1.0" encoding="UTF-8"?>
<!-- Generated by org.testng.reporters.JUnitReportReporter -->
<testsuite hostname="DESKTOP-VRBA99Q" failures="0" tests="3" name="functional.test.TestingLogin" time="4.120" errors="0" timestamp="2021-06-10T11:07:28 EDT" skipped="0">
  <testcase classname="functional.test.TestingLogin" name="webDriverSetup" time="3.799"/>
  <system-out/>
  <testcase classname="functional.test.TestingLogin" name="typeInSearchBar" time="0.275"/>
  <system-out/>
  <testcase classname="functional.test.TestingLogin" name="closeBrowser" time="0.046"/>
  <system-out/>
</testsuite> <!-- functional.test.TestingLogin -->
