<?xml version="1.0" encoding="UTF-8"?>
<!-- Generated by org.testng.reporters.JUnitReportReporter -->
<testsuite hostname="DESKTOP-VRBA99Q" failures="0" tests="2" name="test.ui.GroupsByTestTypes" time="10.658" errors="0" timestamp="2021-06-09T23:08:01 EDT" skipped="0">
  <testcase classname="test.ui.GroupsByTestTypes" name="webDriverSetup" time="3.422"/>
  <system-out/>
  <testcase classname="test.ui.GroupsByTestTypes" name="functionalTesting" time="7.236"/>
  <system-out/>
</testsuite> <!-- test.ui.GroupsByTestTypes -->
