<?xml version="1.0" encoding="UTF-8"?>
<!-- Generated by org.testng.reporters.JUnitReportReporter -->
<testsuite hostname="DESKTOP-VRBA99Q" failures="0" tests="2" name="functional.test.GroupsByTestTypes" time="3.433" errors="0" timestamp="2021-06-10T12:35:47 EDT" skipped="0">
  <testcase classname="functional.test.GroupsByTestTypes" name="webDriverSetup" time="3.411"/>
  <system-out/>
  <testcase classname="functional.test.GroupsByTestTypes" name="checkPageTitle" time="0.022"/>
  <system-out/>
</testsuite> <!-- functional.test.GroupsByTestTypes -->
