<?xml version="1.0" encoding="UTF-8"?>
<!-- Generated by org.testng.reporters.JUnitReportReporter -->
<testsuite hostname="DESKTOP-VRBA99Q" failures="0" tests="3" name="functional.test.GroupsByTestTypes" time="8.148" errors="0" timestamp="2021-06-10T11:07:28 EDT" skipped="0">
  <testcase classname="functional.test.GroupsByTestTypes" name="webDriverSetup" time="2.372"/>
  <system-out/>
  <testcase classname="functional.test.GroupsByTestTypes" name="functionalTestingOne" time="3.059"/>
  <system-out/>
  <testcase classname="functional.test.GroupsByTestTypes" name="functionalTestingTwo" time="2.717"/>
  <system-out/>
</testsuite> <!-- functional.test.GroupsByTestTypes -->
