<?xml version="1.0" encoding="UTF-8"?>
<!-- Generated by org.testng.reporters.JUnitReportReporter -->
<testsuite hostname="DESKTOP-VRBA99Q" failures="0" tests="1" name="functional.test.DataProviderTest" time="9.007" errors="0" timestamp="2021-06-10T19:13:28 EDT" skipped="0">
  <testcase classname="functional.test.DataProviderTest" name="driverSetup" time="9.007"/>
  <system-out/>
</testsuite> <!-- functional.test.DataProviderTest -->
