<?xml version="1.0" encoding="UTF-8"?>
<!-- Generated by org.testng.reporters.JUnitReportReporter -->
<testsuite hostname="DESKTOP-VRBA99Q" failures="0" tests="2" name="test.ui.Login" time="4.270" errors="0" timestamp="2021-06-09T14:44:10 EDT" skipped="0">
  <testcase classname="test.ui.Login" name="webDriverSetup" time="3.892"/>
  <system-out/>
  <testcase classname="test.ui.Login" name="typeInSearchBar" time="0.378"/>
  <system-out/>
</testsuite> <!-- test.ui.Login -->
