<?xml version="1.0" encoding="UTF-8"?>
<!-- Generated by org.testng.reporters.JUnitReportReporter -->
<testsuite hostname="DESKTOP-VRBA99Q" failures="0" tests="3" name="test.ui.GroupsByTestTypes" time="9.657" errors="0" timestamp="2021-06-10T10:47:19 EDT" skipped="0">
  <testcase classname="test.ui.GroupsByTestTypes" name="webDriverSetup" time="3.890"/>
  <system-out/>
  <testcase classname="test.ui.GroupsByTestTypes" name="functionalTestingOne" time="3.050"/>
  <system-out/>
  <testcase classname="test.ui.GroupsByTestTypes" name="functionalTestingTwo" time="2.717"/>
  <system-out/>
</testsuite> <!-- test.ui.GroupsByTestTypes -->
