<?xml version="1.0" encoding="UTF-8"?>
<!-- Generated by org.testng.reporters.JUnitReportReporter -->
<testsuite hostname="DESKTOP-VRBA99Q" failures="0" tests="3" name="test.ui.TestingLogin" time="3.887" errors="0" timestamp="2021-06-09T16:36:03 EDT" skipped="0">
  <testcase classname="test.ui.TestingLogin" name="webDriverSetup" time="3.557"/>
  <system-out/>
  <testcase classname="test.ui.TestingLogin" name="typeInSearchBar" time="0.285"/>
  <system-out/>
  <testcase classname="test.ui.TestingLogin" name="closeBrowser" time="0.045"/>
  <system-out/>
</testsuite> <!-- test.ui.TestingLogin -->
