<?xml version="1.0" encoding="UTF-8"?>
<!-- Generated by org.testng.reporters.JUnitReportReporter -->
<testsuite hostname="DESKTOP-VRBA99Q" failures="0" tests="3" name="test.ui.TestingLogin" time="4.160" errors="0" timestamp="2021-06-09T15:08:29 EDT" skipped="0">
  <testcase classname="test.ui.TestingLogin" name="webDriverSetup" time="3.830"/>
  <system-out/>
  <testcase classname="test.ui.TestingLogin" name="typeInSearchBar" time="0.286"/>
  <system-out/>
  <testcase classname="test.ui.TestingLogin" name="closeBrowser" time="0.044"/>
  <system-out/>
</testsuite> <!-- test.ui.TestingLogin -->
