<?xml version="1.0" encoding="UTF-8"?>
<!-- Generated by org.testng.reporters.JUnitReportReporter -->
<testsuite hostname="DESKTOP-VRBA99Q" failures="0" tests="3" name="functional.test.TestingLogin" time="4.008" errors="0" timestamp="2021-06-10T12:09:46 EDT" skipped="0">
  <testcase classname="functional.test.TestingLogin" name="webDriverSetup" time="3.694"/>
  <system-out/>
  <testcase classname="functional.test.TestingLogin" name="typeInSearchBar" time="0.270"/>
  <system-out/>
  <testcase classname="functional.test.TestingLogin" name="closeBrowser" time="0.044"/>
  <system-out/>
</testsuite> <!-- functional.test.TestingLogin -->
